<?xml version="1.0" encoding="UTF-8"?>
<!-- Generated by org.testng.reporters.JUnitReportReporter -->
<testsuite hostname="DESKTOP-TH63HAS" failures="0" tests="1" name="API_Chaining.EndToEnd_Project" time="6.290" errors="0" timestamp="05 Jun 2022 07:13:22 GMT" skipped="0">
  <testcase classname="API_Chaining.EndToEnd_Project" name="TestCase" time="6.290"/>
</testsuite> <!-- API_Chaining.EndToEnd_Project -->
